<?xml version="1.0" encoding="UTF-8"?>
<!-- Generated by org.testng.reporters.JUnitReportReporter -->
<testsuite skipped="0" hostname="LAPTOP-HFLEK3MM" name="com.qa.flipkart.TestCases.LoginPageTest" tests="1" failures="0" timestamp="2021-07-11T16:56:33 IST" time="8.304" errors="0">
  <testcase name="doVerifyLoginPage" time="8.304" classname="com.qa.flipkart.TestCases.LoginPageTest"/>
  <system-out/>
</testsuite> <!-- com.qa.flipkart.TestCases.LoginPageTest -->
