<?xml version="1.0" encoding="UTF-8"?>
<!-- Generated by org.testng.reporters.JUnitReportReporter -->
<testsuite skipped="0" hostname="LAPTOP-HFLEK3MM" name="com.qa.flipkart.TestCases.HomePageTest" tests="2" failures="0" timestamp="2021-07-11T16:56:33 IST" time="15.568" errors="0">
  <testcase name="VerifyTitle" time="5.113" classname="com.qa.flipkart.TestCases.HomePageTest"/>
  <system-out/>
  <testcase name="Verify_Ethinic" time="10.455" classname="com.qa.flipkart.TestCases.HomePageTest"/>
  <system-out/>
</testsuite> <!-- com.qa.flipkart.TestCases.HomePageTest -->
