<?xml version="1.0" encoding="UTF-8"?>
<!-- Generated by org.testng.reporters.JUnitReportReporter -->
<testsuite skipped="0" hostname="LAPTOP-HFLEK3MM" name="com.qa.flipkart.TestCases.LoginPageTest" tests="1" failures="0" timestamp="11 Jul 2021 11:25:10 GMT" time="8.275" errors="0">
  <testcase name="doVerifyLoginPage" time="8.275" classname="com.qa.flipkart.TestCases.LoginPageTest"/>
</testsuite> <!-- com.qa.flipkart.TestCases.LoginPageTest -->
