<?xml version="1.0" encoding="UTF-8"?>
<!-- Generated by org.testng.reporters.JUnitReportReporter -->
<testsuite skipped="0" hostname="LAPTOP-HFLEK3MM" name="com.qa.flipkart.TestCases.PageTest" tests="1" failures="0" timestamp="11 Jul 2021 11:10:02 GMT" time="8.552" errors="0">
  <testcase name="testCase" time="8.552" classname="com.qa.flipkart.TestCases.PageTest"/>
</testsuite> <!-- com.qa.flipkart.TestCases.PageTest -->
